Performing C SOURCE FILE Test CMAKE_HAVE_LIBC_PTHREAD failed with the following output:
Change Dir: C:/Users/JoshuaGoodman/Documents/GitHub/ggml-rs/target/debug/build/ggml-rs-2c61eb32fd2052e3/out/build/CMakeFiles/CMakeTmp

Run Build Command(s):C:/Program Files (x86)/Microsoft Visual Studio/2022/BuildTools/MSBuild/Current/Bin/amd64/MSBuild.exe cmTC_e8b96.vcxproj /p:Configuration=Debug /p:Platform=x64 /p:VisualStudioVersion=17.0 /v:m && MSBuild version 17.14.19+164abd434 for .NET Framework

  src.c
C:\Users\JoshuaGoodman\Documents\GitHub\ggml-rs\target\debug\build\ggml-rs-2c61eb32fd2052e3\out\build\CMakeFiles\CMakeTmp\src.c(1,1): error C1083: Cannot open include file: 'pthread.h': No such file or directory [C:\Users\JoshuaGoodman\Documents\GitHub\ggml-rs\target\debug\build\ggml-rs-2c61eb32fd2052e3\out\build\CMakeFiles\CMakeTmp\cmTC_e8b96.vcxproj]


Source file was:
#include <pthread.h>

static void* test_func(void* data)
{
  return data;
}

int main(void)
{
  pthread_t thread;
  pthread_create(&thread, NULL, test_func, NULL);
  pthread_detach(thread);
  pthread_cancel(thread);
  pthread_join(thread, NULL);
  pthread_atfork(NULL, NULL, NULL);
  pthread_exit(NULL);

  return 0;
}

Determining if the function pthread_create exists in the pthreads failed with the following output:
Change Dir: C:/Users/JoshuaGoodman/Documents/GitHub/ggml-rs/target/debug/build/ggml-rs-2c61eb32fd2052e3/out/build/CMakeFiles/CMakeTmp

Run Build Command(s):C:/Program Files (x86)/Microsoft Visual Studio/2022/BuildTools/MSBuild/Current/Bin/amd64/MSBuild.exe cmTC_3694e.vcxproj /p:Configuration=Debug /p:Platform=x64 /p:VisualStudioVersion=17.0 /v:m && MSBuild version 17.14.19+164abd434 for .NET Framework

  CheckFunctionExists.c
LINK : fatal error LNK1104: cannot open file 'pthreads.lib' [C:\Users\JoshuaGoodman\Documents\GitHub\ggml-rs\target\debug\build\ggml-rs-2c61eb32fd2052e3\out\build\CMakeFiles\CMakeTmp\cmTC_3694e.vcxproj]



Determining if the function pthread_create exists in the pthread failed with the following output:
Change Dir: C:/Users/JoshuaGoodman/Documents/GitHub/ggml-rs/target/debug/build/ggml-rs-2c61eb32fd2052e3/out/build/CMakeFiles/CMakeTmp

Run Build Command(s):C:/Program Files (x86)/Microsoft Visual Studio/2022/BuildTools/MSBuild/Current/Bin/amd64/MSBuild.exe cmTC_d9163.vcxproj /p:Configuration=Debug /p:Platform=x64 /p:VisualStudioVersion=17.0 /v:m && MSBuild version 17.14.19+164abd434 for .NET Framework

  CheckFunctionExists.c
LINK : fatal error LNK1104: cannot open file 'pthread.lib' [C:\Users\JoshuaGoodman\Documents\GitHub\ggml-rs\target\debug\build\ggml-rs-2c61eb32fd2052e3\out\build\CMakeFiles\CMakeTmp\cmTC_d9163.vcxproj]



